"../../../Engine/Content/EngineDebugMaterials/HeatmapGradient.uasset" 0
"../../../Engine/Content/Functions/Engine_MaterialFunctions01/ImageAdjustment/CheapContrast_RGB.uasset" 1
"../../../../Desktop/mylevel1/Content/ModSci_Engineer/Textures/StorageAreaNetwork/T_SAN_EM_M.uasset" 2
"../../../../Desktop/mylevel1/Content/ModSci_EngiProps/Textures/Pipes/T_PipeCoated_A.uasset" 3
"../../../../Desktop/mylevel1/Content/ModSci_EngiProps/Textures/Pipes/T_PipeCoated_A_normals.uasset" 4
"../../../../Desktop/mylevel1/Content/ModSci_EngiProps/Textures/Pipes/T_PipeCoated_A_rough.uasset" 5
"../../../../Desktop/mylevel1/Content/ModSci_EngiProps/Textures/T_SolidMask.uasset" 6
"../../../../Desktop/mylevel1/Content/ModSci_EngiProps/Materials/M_Base_Props.uasset" 7
"../../../../Desktop/mylevel1/Content/ModSci_EngiProps/Textures/WallBracket/T_WallBracket_A_Diff_b.uasset" 8
"../../../../Desktop/mylevel1/Content/ModSci_EngiProps/Textures/WallBracket/T_WallBracket_A_M.uasset" 9
"../../../../Desktop/mylevel1/Content/ModSci_EngiProps/Textures/WallBracket/T_WallBracket_A_normals.uasset" 10
"../../../../Desktop/mylevel1/Content/ModSci_EngiProps/Textures/WallBracket/T_WallBracket_A_Rough.uasset" 11
"../../../../Desktop/mylevel1/Content/ModSci_EngiProps/Materials/WallBracket/MI_WallBracket.uasset" 12
"../../../../Desktop/mylevel1/Content/ModSci_EngiProps/Meshes/SM_WallBracket_A.uasset" 13
"../../../Engine/Content/Animation/DefaultAnimCurveCompressionSettings.uasset" 14
"../../../Engine/Content/Functions/Engine_MaterialFunctions01/Opacity/CameraDepthFade.uasset" 15
"../../../Engine/Content/EngineMaterials/T_Default_Material_Grid_M.uasset" 16
"../../../Engine/Content/EngineMaterials/T_Default_Material_Grid_N.uasset" 17
"../../../Engine/Content/EngineMaterials/WorldGridMaterial.uasset" 18
"../../../Engine/Content/ArtTools/RenderToTexture/Meshes/S_1_Unit_Plane.uasset" 19
"../../../Engine/Content/EngineMaterials/DefaultMaterial.uasset" 20
"../../../Engine/Content/BasicShapes/Cone.uasset" 21
"../../../Engine/Content/BasicShapes/Cube.uasset" 22
"../../../Engine/Content/BasicShapes/Cylinder.uasset" 23
"../../../Engine/Content/EditorLandscapeResources/DataLayer.uasset" 24
"../../../Engine/Content/EditorMaterials/MAT_Groups_Toggle.uasset" 25
"../../../Engine/Content/EditorMaterials/MAT_Groups_Visibility.uasset" 26
"../../../Engine/Content/EditorMaterials/PreviewShadowIndicator.uasset" 27
"../../../Engine/Content/EditorMaterials/PreviewShadowIndicatorMaterial.uasset" 28
"../../../Engine/Content/EditorMaterials/MatineeGroups/MAT_ColorTrack.uasset" 29
"../../../Engine/Content/EditorMaterials/MatineeGroups/MAT_Groups_Anim.uasset" 30
"../../../Engine/Content/EditorMaterials/MatineeGroups/MAT_Groups_AudioMaster.uasset" 31
"../../../Engine/Content/EditorMaterials/MatineeGroups/MAT_Groups_Director.uasset" 32
"../../../Engine/Content/EditorMaterials/MatineeGroups/MAT_Groups_Event.uasset" 33
"../../../Engine/Content/EditorMaterials/MatineeGroups/MAT_Groups_Fade.uasset" 34
"../../../Engine/Content/EditorMaterials/MatineeGroups/MAT_Groups_Float.uasset" 35
"../../../Engine/Content/EditorMaterials/MatineeGroups/MAT_Groups_Move.uasset" 36
"../../../Engine/Content/EditorMaterials/MatineeGroups/MAT_Groups_Slomo.uasset" 37
"../../../Engine/Content/EditorMaterials/MatineeGroups/MAT_Groups_Sound.uasset" 38
"../../../Engine/Content/EditorMaterials/MatineeGroups/MAT_Groups_Vector.uasset" 39
"../../../Engine/Content/EditorMaterials/ParticleSystems/PSysThumbnail_NoImage.uasset" 40
"../../../Engine/Content/EditorMaterials/ParticleSystems/PSysThumbnail_OOD.uasset" 41
"../../../Engine/Content/EditorMaterials/Camera/CineMat.uasset" 42
"../../../Engine/Content/EditorMaterials/Camera/MI_CineMat_Rig.uasset" 43
"../../../Engine/Content/EditorMeshes/Camera/SM_CraneRig_Arm.uasset" 44
"../../../Engine/Content/EditorMeshes/Camera/SM_CraneRig_Base.uasset" 45
"../../../Engine/Content/EditorMeshes/Camera/SM_CraneRig_Body.uasset" 46
"../../../Engine/Content/EditorMeshes/Camera/SM_CraneRig_Mount.uasset" 47
"../../../Engine/Content/EditorMeshes/Camera/SM_RailRig_Mount.uasset" 48
"../../../Engine/Content/EditorMeshes/Camera/SM_RailRig_Track.uasset" 49
"../../../Engine/Content/EditorResources/BSPVertex.uasset" 50
"../../../Engine/Content/EditorResources/EmptyActor.uasset" 51
"../../../Engine/Content/EditorResources/S_Actor.uasset" 52
"../../../Engine/Content/EditorResources/S_Note.uasset" 53
"../../../Engine/Content/EditorResources/S_Solver.uasset" 54
"../../../Engine/Content/EditorResources/S_Trigger.uasset" 55
"../../../Engine/Content/EditorResources/LightIcons/S_LightError.uasset" 56
"../../../Engine/Content/EditorResources/SequenceRecorder/Countdown.uasset" 57
"../../../Engine/Content/EditorResources/SequenceRecorder/RecordingIndicator.uasset" 58
"../../../Engine/Content/EditorSounds/Notifications/CompileFailed.uasset" 59
"../../../Engine/Content/EditorSounds/Notifications/CompileFailed_Cue.uasset" 60
"../../../Engine/Content/EditorSounds/Notifications/CompileSuccess.uasset" 61
"../../../Engine/Content/EditorSounds/Notifications/CompileStart_Cue.uasset" 62
"../../../Engine/Content/EditorSounds/Notifications/CompileSuccess_Cue.uasset" 63
"../../../Engine/Content/EngineDamageTypes/DmgTypeBP_Environmental.uasset" 64
"../../../Engine/Content/EngineDebugMaterials/DebugEditorMaterial.uasset" 65
"../../../Engine/Content/EngineDebugMaterials/DebugMeshMaterial.uasset" 66
"../../../Engine/Content/EngineDebugMaterials/M_SimpleTranslucent.uasset" 67
"../../../Engine/Content/Functions/Engine_MaterialFunctions02/Utility/CameraDirectionVector.uasset" 68
"../../../Engine/Content/EngineDebugMaterials/VolumeToRender.uasset" 69
"../../../Engine/Content/EngineDebugMaterials/M_VolumeRenderSphereTracePP.uasset" 70
"../../../Engine/Content/EngineDebugMaterials/WireframeMaterial.uasset" 71
"../../../Engine/Content/EngineFonts/Faces/DroidSansFallback.uasset" 72
"../../../Engine/Content/EngineFonts/Faces/RobotoBold.uasset" 73
"../../../Engine/Content/EngineFonts/Faces/RobotoBoldItalic.uasset" 74
"../../../Engine/Content/EngineFonts/Faces/RobotoItalic.uasset" 75
"../../../Engine/Content/EngineFonts/Faces/RobotoLight.uasset" 76
"../../../Engine/Content/EngineFonts/Faces/RobotoRegular.uasset" 77
"../../../Engine/Content/EngineFonts/Roboto.uasset" 78
"../../../Engine/Content/EngineMaterials/BaseFlattenDiffuseMap.uasset" 79
"../../../Engine/Content/EngineMaterials/BaseFlattenEmissiveMap.uasset" 80
"../../../Engine/Content/EngineMaterials/BaseFlattenGrayscaleMap.uasset" 81
"../../../Engine/Content/EngineMaterials/BaseFlattenNormalMap.uasset" 82
"../../../Engine/Content/EngineMaterials/BaseFlattenMaterial.uasset" 83
"../../../Engine/Content/EngineMaterials/BlueNoise.uasset" 84
"../../../Engine/Content/EngineMaterials/DefaultBloomKernel.uasset" 85
"../../../Engine/Content/EngineMaterials/DefaultBokeh.uasset" 86
"../../../Engine/Content/EngineMaterials/DefaultDiffuse.uasset" 87
"../../../Engine/Content/EngineMaterials/DefaultDeferredDecalMaterial.uasset" 88
"../../../Engine/Content/EngineMaterials/DefaultLightFunctionMaterial.uasset" 89
"../../../Engine/Content/EngineMaterials/DefaultPhysicalMaterial.uasset" 90
"../../../Engine/Content/Functions/Engine_MaterialFunctions02/Utility/BreakOutFloat2Components.uasset" 91
"../../../Engine/Content/EngineMaterials/DefaultPostProcessMaterial.uasset" 92
"../../../Engine/Content/EngineFonts/RobotoDistanceField.uasset" 93
"../../../Engine/Content/EngineMaterials/DefaultTextMaterialOpaque.uasset" 94
"../../../Engine/Content/EngineMaterials/DefaultVirtualTextureMaterial.uasset" 95
"../../../Engine/Content/EngineMaterials/DefaultWhiteGrid.uasset" 96
"../../../Engine/Content/EngineMaterials/DefaultWhiteGrid_Low.uasset" 97
"../../../Engine/Content/EngineMaterials/EmissiveMeshMaterial.uasset" 98
"../../../Engine/Content/EngineMaterials/GizmoMaterial.uasset" 99
"../../../Engine/Content/EngineMaterials/HairDefaultMaterial.uasset" 100
"../../../Engine/Content/EngineMaterials/MiniFont.uasset" 101
"../../../Engine/Content/EngineMaterials/InvalidLightmapSettings.uasset" 102
"../../../Engine/Content/EngineMaterials/M_InvalidLightmapSettings.uasset" 103
"../../../Engine/Content/Functions/Engine_MaterialFunctions02/WorldPositionOffset/CameraOffset.uasset" 104
"../../../Engine/Content/EngineMaterials/PhAT_JointLimitMaterial.uasset" 105
"../../../Engine/Content/EngineMaterials/PreintegratedSkinBRDF.uasset" 106
"../../../Engine/Content/EngineMaterials/RemoveSurfaceMaterial.uasset" 107
"../../../Engine/Content/EngineMaterials/WeightMapPlaceholderTexture.uasset" 108
"../../../Engine/Content/EngineResources/WhiteSquareTexture.uasset" 109
"../../../Engine/Content/EngineMaterials/Widget3DPassThrough.uasset" 110
"../../../Engine/Content/EngineMaterials/Widget3DPassThrough_Masked.uasset" 111
"../../../Engine/Content/EngineMaterials/Widget3DPassThrough_Opaque.uasset" 112
"../../../Engine/Content/EngineMaterials/Widget3DPassThrough_Masked_OneSided.uasset" 113
"../../../Engine/Content/EngineMaterials/Widget3DPassThrough_Opaque_OneSided.uasset" 114
"../../../Engine/Content/EngineMaterials/Widget3DPassThrough_Translucent.uasset" 115
"../../../Engine/Content/EngineMaterials/Widget3DPassThrough_Translucent_OneSided.uasset" 116
"../../../Engine/Content/EngineMeshes/Cylinder.uasset" 117
"../../../Engine/Content/EngineMeshes/Sphere.uasset" 118
"../../../Engine/Content/EngineResources/DefaultTexture.uasset" 119
"../../../Engine/Content/EngineResources/DefaultTextureCube.uasset" 120
"../../../Engine/Content/EngineResources/DefaultVolumeTexture2D.uasset" 121
"../../../Engine/Content/EngineResources/DefaultVolumeTexture.uasset" 122
"../../../Engine/Content/EngineResources/GradientTexture0.uasset" 123
"../../../Engine/Content/EngineSounds/Master.uasset" 124
"../../../Engine/Content/Functions/Engine_MaterialFunctions01/Shading/PowerToRoughness.uasset" 125
"../../../Engine/Content/Maps/Templates/Thumbnails/Default.uasset" 126
"../../../Engine/Content/Maps/Templates/Thumbnails/TimeOfDay.uasset" 127
"../../../Engine/Content/Maps/Templates/Thumbnails/VR-Basic.uasset" 128
"../../../Engine/Content/MobileResources/T_MobileControls_texture.uasset" 129
"../../../Engine/Content/MobileResources/T_MobileMenu2.uasset" 130
"../../../Engine/Content/MobileResources/HUD/AnalogHat.uasset" 131
"../../../Engine/Content/MobileResources/HUD/VirtualJoystick_Background.uasset" 132
"../../../Engine/Content/MobileResources/HUD/VirtualJoystick_Thumb.uasset" 133
"../../../Engine/Content/MobileResources/HUD/DefaultVirtualJoysticks.uasset" 134
"../../../Engine/Content/MobileResources/HUD/LeftVirtualJoystickOnly.uasset" 135
"../../../Engine/Content/MobileResources/HUD/MobileHUDButton1_off.uasset" 136
"../../../Engine/Content/MobileResources/HUD/MobileHUDButton1_on.uasset" 137
"../../../Engine/Content/MobileResources/HUD/MobileHUDButton2_off.uasset" 138
"../../../Engine/Content/MobileResources/HUD/MobileHUDButton2_on.uasset" 139
"../../../Engine/Content/MobileResources/HUD/MobileHUDButton3.uasset" 140
"../../../Engine/Content/MobileResources/HUD/MobileHUDButtonFire.uasset" 141
"../../../Engine/Content/MobileResources/HUD/MobileHUDDirectionPad.uasset" 142
"../../../Engine/Content/MobileResources/HUD/MobileHUDDirectionPad2.uasset" 143
"../../../Engine/Content/MobileResources/HUD/MobileHUDDirectionPad3.uasset" 144
"../../../Engine/Content/MobileResources/HUD/MobileHUDDirectionStick.uasset" 145
"../../../Engine/Content/MobileResources/HUD/T_Castle_ThumbstickInner.uasset" 146
"../../../Engine/Content/MobileResources/HUD/T_Castle_ThumbstickOutter.uasset" 147
"../../../Engine/Content/Tutorial/ContentIntroCurve.uasset" 148
"../../../Engine/Content/Tutorial/Basics/LevelEditorAttract.uasset" 149
"../../../Engine/Content/VREditor/LaserPointer/VR_LaserPower_01.uasset" 150
"../../../Engine/Content/VREditor/TransformGizmo/TransformGizmoMaterial.uasset" 151
"../../../Engine/Content/VREditor/TransformGizmo/TranslucentTransformGizmoMaterial.uasset" 152
"../../../Engine/Content/VREditor/TransformGizmo/BoundingBoxCorner.uasset" 153
"../../../Engine/Content/VREditor/TransformGizmo/BoundingBoxEdge.uasset" 154
"../../../Engine/Content/VREditor/TransformGizmo/PlaneTranslationHandle.uasset" 155
"../../../Engine/Content/VREditor/TransformGizmo/Main.uasset" 156
"../../../Engine/Content/VREditor/TransformGizmo/Xray.uasset" 157
"../../../Engine/Content/VREditor/TransformGizmo/SM_Sequencer_Key.uasset" 158
"../../../Engine/Content/VREditor/TransformGizmo/SM_Sequencer_Node.uasset" 159
"../../Plugins/2D/Paper2D/Content/PlaceholderTextures/DummySpriteTexture.uasset" 160
"../../Plugins/2D/Paper2D/Content/DummySprite.uasset" 161
"../../Plugins/2D/Paper2D/Content/DefaultPaperTerrainMaterial.uasset" 162
"../../Plugins/2D/Paper2D/Content/DummySpriteTexture.uasset" 163
"../../Plugins/2D/Paper2D/Content/DefaultSpriteMaterial.uasset" 164
"../../Plugins/2D/Paper2D/Content/MaskedUnlitSpriteMaterial.uasset" 165
"../../Plugins/2D/Paper2D/Content/OpaqueUnlitSpriteMaterial.uasset" 166
"../../../Engine/Content/Functions/Engine_MaterialFunctions02/Utility/BreakOutFloat4Components.uasset" 167
"../../../Engine/Content/Functions/Engine_MaterialFunctions02/Utility/MakeFloat2.uasset" 168
"../../../Engine/Content/Functions/Engine_MaterialFunctions02/Utility/MakeFloat3.uasset" 169
"../../Plugins/Runtime/Oculus/OculusVR/Content/Materials/OculusMR_ChromaKey.uasset" 170
"../../Plugins/Runtime/Oculus/OculusVR/Content/Materials/OculusMR_ChromaKey_Lit.uasset" 171
"../../Plugins/Runtime/Oculus/OculusVR/Content/Materials/OculusMR_OpaqueColoredMaterial.uasset" 172
"../../Plugins/Runtime/Oculus/OculusVR/Content/Materials/OculusMR_WhiteMaterial.uasset" 173
"../../../Engine/Content/EditorBlueprintResources/StandardMacros.uasset" 174
"../../../../Desktop/mylevel1/Content/GoodSky/Source/Data/Curve/Curve_GoodSky_Stars.uasset" 175
"../../../../Desktop/mylevel1/Content/GoodSky/Source/Data/Curve/Curve_GoodSky_SunLight.uasset" 176
"../../../../Desktop/mylevel1/Content/GoodSky/Source/Data/Curve/Curve_GoodSky_AllOverlayColor.uasset" 177
"../../../../Desktop/mylevel1/Content/GoodSky/Source/Data/Curve/Curve_GoodSky_BaseCloudColor.uasset" 178
"../../../../Desktop/mylevel1/Content/GoodSky/Source/Data/Curve/Curve_GoodSky_DomeColor.uasset" 179
"../../../../Desktop/mylevel1/Content/GoodSky/Source/Data/Curve/Curve_GoodSky_horizon_Color.uasset" 180
"../../../../Desktop/mylevel1/Content/GoodSky/Source/Data/Curve/Curve_GoodSky_SunDirection_Vector.uasset" 181
"../../../../Desktop/mylevel1/Content/GoodSky/Source/Data/Structure/Structure_GoodSky.uasset" 182
"../../../../Desktop/mylevel1/Content/GoodSky/Source/Data/DataTable/DataTable_GoodSky.uasset" 183
"../../../../Desktop/mylevel1/Content/GoodSky/Source/ArrowTool/T_GoodSky_SkyRing.uasset" 184
"../../../../Desktop/mylevel1/Content/GoodSky/Source/ArrowTool/M_GoodSky_SkyRing_.uasset" 185
"../../../../Desktop/mylevel1/Content/GoodSky/Source/ArrowTool/M_GoodSky_Sun_Emissive.uasset" 186
"../../../Engine/Content/Functions/Engine_MaterialFunctions01/Gradient/LinearGradient.uasset" 187
"../../../../Desktop/mylevel1/Content/GoodSky/Source/Materials/Material_Function/MF_GoodSky_SkyDomeAlpha.uasset" 188
"../../../../Desktop/mylevel1/Content/GoodSky/Source/Materials/Material_Function/MF_GoodSky_Time.uasset" 189
"../../../../Desktop/mylevel1/Content/GoodSky/Source/Textures/T_GoodSky_clouds_A.uasset" 190
"../../../../Desktop/mylevel1/Content/GoodSky/Source/Textures/T_GoodSky_clouds_B.uasset" 191
"../../../../Desktop/mylevel1/Content/GoodSky/Source/Textures/T_GoodSky_clouds_F.uasset" 192
"../../../../Desktop/mylevel1/Content/GoodSky/Source/Textures/T_GoodSky_clouds_sphere.uasset" 193
"../../../../Desktop/mylevel1/Content/GoodSky/Source/Materials/M_GoodSky_Base.uasset" 194
"../../../Engine/Content/Functions/Engine_MaterialFunctions01/Density/ExponentialDensity.uasset" 195
"../../../Engine/Content/Functions/Engine_MaterialFunctions01/Gradient/RadialGradientExponential.uasset" 196
"../../../Engine/Content/Functions/Engine_MaterialFunctions01/Texturing/ScaleUVsAroundPoint.uasset" 197
"../../../../Desktop/mylevel1/Content/GoodSky/Source/Textures/T_GoodSky_Moon.uasset" 198
"../../../../Desktop/mylevel1/Content/GoodSky/Source/Materials/M_GoodSky_Moon.uasset" 199
"../../../Engine/Content/Functions/Engine_MaterialFunctions01/Texturing/ComputeMipLevel.uasset" 200
"../../../Engine/Content/Functions/Engine_MaterialFunctions01/Texturing/TextureCropping.uasset" 201
"../../../Engine/Content/Functions/Engine_MaterialFunctions02/Utility/BreakOutFloat3Components.uasset" 202
"../../../Engine/Content/Functions/Engine_MaterialFunctions02/ExampleContent/DebugNumberStrip.uasset" 203
"../../../Engine/Content/Functions/Engine_MaterialFunctions02/ExampleContent/Textures/DebugNumberPeriod.uasset" 204
"../../../Engine/Content/Functions/Engine_MaterialFunctions02/Utility/DebugScalarValues.uasset" 205
"../../../Engine/Content/Functions/Engine_MaterialFunctions02/Utility/DebugFloat3Values.uasset" 206
"../../../Engine/Content/Functions/Engine_MaterialFunctions02/Math/RGBtoHSV.uasset" 207
"../../../Engine/Content/Functions/Engine_MaterialFunctions02/Utility/DebugFloat4Values.uasset" 208
"../../../../Desktop/mylevel1/Content/GoodSky/Source/Textures/T_GoodSky_noise_smooth.uasset" 209
"../../../../Desktop/mylevel1/Content/GoodSky/Source/Materials/Material_Function/MF_GoodSky_LightningFlick.uasset" 210
"../../../../Desktop/mylevel1/Content/GoodSky/Source/Textures/T_GoodSky_Lightning.uasset" 211
"../../../../Desktop/mylevel1/Content/GoodSky/Source/Materials/M_GoodSky_Storm.uasset" 212
"../../../../Desktop/mylevel1/Content/GoodSky/Source/Textures/T_GoodSky_Stars.uasset" 213
"../../../../Desktop/mylevel1/Content/GoodSky/Source/Materials/M_GoodSky_Sun_Stars.uasset" 214
"../../../Engine/Content/BasicShapes/Plane.uasset" 215
"../../../Engine/Content/BasicShapes/Sphere.uasset" 216
"../../../../Desktop/mylevel1/Content/GoodSky/Source/ArrowTool/SM_GoodSky_StarMesh.uasset" 217
"../../../../Desktop/mylevel1/Content/GoodSky/Source/Data/Enum/Enum_GoodSky_Clouds_Coverage.uasset" 218
"../../../../Desktop/mylevel1/Content/GoodSky/Source/Data/Enum/Enum_GoodSky_Effects.uasset" 219
"../../../../Desktop/mylevel1/Content/GoodSky/Source/Data/Enum/Enum_GoodSky_MeshType.uasset" 220
"../../../../Desktop/mylevel1/Content/GoodSky/Source/Data/Enum/Enum_GoodSky_Preset.uasset" 221
"../../../../Desktop/mylevel1/Content/GoodSky/Source/Data/Enum/Enum_GoodSky_Style_Clouds.uasset" 222
"../../../../Desktop/mylevel1/Content/GoodSky/Source/Mesh/SM_GoodSky_Hemisphere.uasset" 223
"../../../../Desktop/mylevel1/Content/GoodSky/Source/Mesh/SM_GoodSky_Sphere.uasset" 224
"../../../../Desktop/mylevel1/Content/GoodSky/Source/Textures/T_GoodSky_clouds_C.uasset" 225
"../../../../Desktop/mylevel1/Content/GoodSky/Source/Textures/T_GoodSky_clouds_D.uasset" 226
"../../../../Desktop/mylevel1/Content/GoodSky/Source/Textures/T_GoodSky_clouds_E.uasset" 227
"../../../../Desktop/mylevel1/Content/GoodSky/Blueprint/BP_GoodSky.uasset" 228
"../../../../Desktop/mylevel1/Content/FirstPersonBP/Blueprints/NewBlueprint.uasset" 229
"../../../../Desktop/mylevel1/Content/FirstPersonBP/Blueprints/FirstPersonGameMode.uasset" 230
"../../../../Desktop/mylevel1/Content/ModSci_Engineer/Textures/Decals/Text_Num/T_Text_1.uasset" 231
"../../../../Desktop/mylevel1/Content/ModSci_Engineer/Materials/Decals/M_Decal_Base.uasset" 232
"../../../../Desktop/mylevel1/Content/ModSci_Engineer/Textures/Decals/Signs/T_Caution.uasset" 233
"../../../../Desktop/mylevel1/Content/ModSci_Engineer/Textures/Decals/Signs/T_Caution_OM.uasset" 234
"../../../../Desktop/mylevel1/Content/ModSci_Engineer/Materials/Decals/Signs/MI_Caution.uasset" 235
"../../../../Desktop/mylevel1/Content/ModSci_Engineer/Materials/Decals/Text_Num/MI_Text_1.uasset" 236
"../../../../Desktop/mylevel1/Content/ModSci_Engineer/Textures/Decals/Text_Num/T_Text_2.uasset" 237
"../../../../Desktop/mylevel1/Content/ModSci_Engineer/Materials/Decals/Text_Num/MI_Text_2.uasset" 238
"../../../../Desktop/mylevel1/Content/ModSci_Engineer/Textures/Decals/Text_Num/T_Text_3.uasset" 239
"../../../../Desktop/mylevel1/Content/ModSci_Engineer/Materials/Decals/Text_Num/MI_Text_3.uasset" 240
"../../../../Desktop/mylevel1/Content/ModSci_Engineer/Textures/Decals/Text_Num/T_Text_4.uasset" 241
"../../../../Desktop/mylevel1/Content/ModSci_Engineer/Materials/Decals/Text_Num/MI_Text_4.uasset" 242
"../../../../Desktop/mylevel1/Content/ModSci_Engineer/Textures/Decals/Text_Num/T_Text_5.uasset" 243
"../../../../Desktop/mylevel1/Content/ModSci_Engineer/Materials/Decals/Text_Num/MI_Text_5.uasset" 244
"../../../../Desktop/mylevel1/Content/ModSci_Engineer/Textures/Decals/Text_Num/T_Text_6.uasset" 245
"../../../../Desktop/mylevel1/Content/ModSci_Engineer/Materials/Decals/Text_Num/MI_Text_6.uasset" 246
"../../../../Desktop/mylevel1/Content/ModSci_Engineer/Textures/Decals/Text_Num/T_Text_7.uasset" 247
"../../../../Desktop/mylevel1/Content/ModSci_Engineer/Materials/Decals/Text_Num/MI_Text_7.uasset" 248
"../../../../Desktop/mylevel1/Content/ModSci_Engineer/Textures/Decals/Text_Num/T_Text_8.uasset" 249
"../../../../Desktop/mylevel1/Content/ModSci_Engineer/Materials/Decals/Text_Num/MI_Text_8.uasset" 250
"../../../../Desktop/mylevel1/Content/ModSci_Engineer/Textures/Decals/Text_Num/T_Text_9.uasset" 251
"../../../../Desktop/mylevel1/Content/ModSci_Engineer/Materials/Decals/Text_Num/MI_Text_9.uasset" 252
"../../../../Desktop/mylevel1/Content/ModSci_Engineer/Textures/UI/T_Door_UI_Locked.uasset" 253
"../../../../Desktop/mylevel1/Content/ModSci_Engineer/Materials/UI/M_Base_BasicUI.uasset" 254
"../../../../Desktop/mylevel1/Content/ModSci_Engineer/Textures/UI/T_Door_UI_Unlocked.uasset" 255
"../../../../Desktop/mylevel1/Content/ModSci_Engineer/Materials/UI/MI_Door_Unlocked.uasset" 256
"../../../../Desktop/mylevel1/Content/ModSci_Engineer/Materials/M_Base_Solid.uasset" 257
"../../../../Desktop/mylevel1/Content/ModSci_Engineer/Materials/MI_GlossyBlack.uasset" 258
"../../../Engine/Content/Functions/Engine_MaterialFunctions02/Utility/BlendAngleCorrectedNormals.uasset" 259
"../../../../Desktop/mylevel1/Content/ModSci_Engineer/Textures/Base/BrushedMetal/T_BrushedMetal_Diff.uasset" 260
"../../../../Desktop/mylevel1/Content/ModSci_Engineer/Textures/Base/BrushedMetal/T_BrushedMetal_Normal.uasset" 261
"../../../../Desktop/mylevel1/Content/ModSci_Engineer/Textures/Base/BrushedMetal/T_BrushedMetal_Rough.uasset" 262
"../../../../Desktop/mylevel1/Content/ModSci_Engineer/Textures/T_Trims_A_Diffuse.uasset" 263
"../../../../Desktop/mylevel1/Content/ModSci_Engineer/Textures/T_Trims_A_M.uasset" 264
"../../../../Desktop/mylevel1/Content/ModSci_Engineer/Textures/T_Trims_A_normals.uasset" 265
"../../../../Desktop/mylevel1/Content/ModSci_Engineer/Materials/M_Base_Trim.uasset" 266
"../../../../Desktop/mylevel1/Content/ModSci_Engineer/Textures/Base/ScratchedMetal/T_ScratchedMetal_Diff.uasset" 267
"../../../../Desktop/mylevel1/Content/ModSci_Engineer/Textures/Base/ScratchedMetal/T_ScratchedMetal_Normal.uasset" 268
"../../../../Desktop/mylevel1/Content/ModSci_Engineer/Textures/Base/ScratchedMetal/T_ScratchedMetal_Rough.uasset" 269
"../../../../Desktop/mylevel1/Content/ModSci_Engineer/Materials/MI_Trim_A_Black.uasset" 270
"../../../../Desktop/mylevel1/Content/ModSci_Engineer/Materials/MI_Trim_A_GlossLight.uasset" 271
"../../../../Desktop/mylevel1/Content/ModSci_Engineer/Textures/T_Metal_Brushed_N.uasset" 272
"../../../../Desktop/mylevel1/Content/ModSci_Engineer/Materials/MI_Trim_A_OliveGray.uasset" 273
"../../../../Desktop/mylevel1/Content/ModSci_Engineer/Materials/MI_Trim_A_Red2.uasset" 274
"../../../../Desktop/mylevel1/Content/ModSci_Engineer/Materials/MI_Trim_A_Shiny.uasset" 275
"../../../../Desktop/mylevel1/Content/ModSci_Engineer/Materials/MI_Trim_A_Shiny2.uasset" 276
"../../../../Desktop/mylevel1/Content/ModSci_Engineer/Meshes/SM_Door_Small_A.uasset" 277
"../../../../Desktop/mylevel1/Content/ModSci_Engineer/Materials/Glass/M_Glass_Base.uasset" 278
"../../../../Desktop/mylevel1/Content/ModSci_Engineer/Textures/Base/Glass/T_Glass_DirtRough.uasset" 279
"../../../../Desktop/mylevel1/Content/ModSci_Engineer/Textures/Base/Glass/T_Scratch_Norm.uasset" 280
"../../../../Desktop/mylevel1/Content/ModSci_Engineer/Materials/Glass/MI_GlassDoor.uasset" 281
"../../../../Desktop/mylevel1/Content/ModSci_Engineer/Meshes/SM_Door_Small_A_Glass.uasset" 282
"../../../../Desktop/mylevel1/Content/ModSci_Engineer/Materials/UI/MI_Door_Locked.uasset" 283
"../../../../Desktop/mylevel1/Content/ModSci_Engineer/Meshes/SM_Door_Small_UI.uasset" 284
"../../../../Desktop/mylevel1/Content/ModSci_Engineer/Particles/Textures/T_Smoke_SubUV.uasset" 285
"../../../../Desktop/mylevel1/Content/ModSci_Engineer/Particles/Textures/T_Smoke_Tiled_D.uasset" 286
"../../../../Desktop/mylevel1/Content/ModSci_Engineer/Particles/Materials/M_smoke_subUV.uasset" 287
"../../../../Desktop/mylevel1/Content/ModSci_Engineer/Particles/Materials/MI_DoorSteam.uasset" 288
"../../../../Desktop/mylevel1/Content/ModSci_Engineer/Particles/PS_SteamDoor.uasset" 289
"../../../../Desktop/mylevel1/Content/ModSci_Engineer/Blueprints/Door_A_BP.uasset" 290
"../../../../Desktop/mylevel1/Content/scifi_kitbash/materials/M_LightGlow.uasset" 291
"../../../../Desktop/mylevel1/Content/scifi_kitbash/textures/T_Wall01_AO.uasset" 292
"../../../../Desktop/mylevel1/Content/scifi_kitbash/textures/T_Wall01_BC.uasset" 293
"../../../../Desktop/mylevel1/Content/scifi_kitbash/textures/T_Wall01_MT.uasset" 294
"../../../../Desktop/mylevel1/Content/scifi_kitbash/textures/T_Wall01_N.uasset" 295
"../../../../Desktop/mylevel1/Content/scifi_kitbash/textures/T_Wall01_R.uasset" 296
"../../../../Desktop/mylevel1/Content/scifi_kitbash/materials/M_Wall01.uasset" 297
"../../../../Desktop/mylevel1/Content/scifi_kitbash/textures/T_Lights_AO.uasset" 298
"../../../../Desktop/mylevel1/Content/scifi_kitbash/textures/T_Lights_BC.uasset" 299
"../../../../Desktop/mylevel1/Content/scifi_kitbash/textures/T_Lights_N.uasset" 300
"../../../../Desktop/mylevel1/Content/scifi_kitbash/textures/T_Lights_R.uasset" 301
"../../../../Desktop/mylevel1/Content/scifi_kitbash/materials/MI_Light.uasset" 302
"../../../../Desktop/mylevel1/Content/scifi_kitbash/meshes/SM_Light02.uasset" 303
"../../../../Desktop/mylevel1/Content/scifi_kitbash/LightBeamSmall.uasset" 304
"../../../../Desktop/mylevel1/Content/FirstPersonBP/Maps/FirstPersonExampleMap_BuiltData.uasset" 305
"../../../../Desktop/mylevel1/Content/InfinityBladeEffects/Environments/Fire/Env_Fire_Magma/Textures/T_Dungeon_Pipe_Lava_E.uasset" 306
"../../../../Desktop/mylevel1/Content/InfinityBladeEffects/Effects/FX_Materials/Mobile/M_Dungeon_Pipe_FlowingLava_Cool.uasset" 307
"../../../Engine/Content/Functions/Engine_MaterialFunctions01/Shading/ConvertFromDiffSpec.uasset" 308
"../../../../Desktop/mylevel1/Content/InfinityBladeEffects/Effects/FX_Textures/Ice/T_IceShards_E.uasset" 309
"../../../../Desktop/mylevel1/Content/InfinityBladeEffects/Environments/Fire/Fire_Fortress/Textures/Plate_Floor_2_D.uasset" 310
"../../../../Desktop/mylevel1/Content/InfinityBladeEffects/Environments/Fire/Fire_Fortress/Textures/Plate_Floor_2_N.uasset" 311
"../../../../Desktop/mylevel1/Content/InfinityBladeEffects/Effects/FX_Materials/Mobile/M_Plate_Floor_2_Ice.uasset" 312
"../../../../Desktop/mylevel1/Content/ModSci_EngiProps/Textures/CeilingSign/T_CeilingSign_Diff_b.uasset" 313
"../../../../Desktop/mylevel1/Content/ModSci_EngiProps/Textures/CeilingSign/T_CeilingSign_M.uasset" 314
"../../../../Desktop/mylevel1/Content/ModSci_EngiProps/Textures/CeilingSign/T_CeilingSign_normals.uasset" 315
"../../../../Desktop/mylevel1/Content/ModSci_EngiProps/Textures/CeilingSign/T_CeilingSign_Rough.uasset" 316
"../../../../Desktop/mylevel1/Content/ModSci_EngiProps/Materials/CeilingSign/MI_CeilingSign3.uasset" 317
"../../../../Desktop/mylevel1/Content/scifi_kitbash/textures/T_Ceiling01_AO.uasset" 318
"../../../../Desktop/mylevel1/Content/scifi_kitbash/textures/T_Ceiling01_BC.uasset" 319
"../../../../Desktop/mylevel1/Content/scifi_kitbash/textures/T_Ceiling01_N.uasset" 320
"../../../../Desktop/mylevel1/Content/scifi_kitbash/textures/T_Ceiling01_R.uasset" 321
"../../../../Desktop/mylevel1/Content/scifi_kitbash/materials/MI_Ceiling01.uasset" 322
"../../../../Desktop/mylevel1/Content/scifi_kitbash/textures/T_Container_AO.uasset" 323
"../../../../Desktop/mylevel1/Content/scifi_kitbash/textures/T_Container_dark_BC.uasset" 324
"../../../../Desktop/mylevel1/Content/scifi_kitbash/textures/T_Container_N.uasset" 325
"../../../../Desktop/mylevel1/Content/scifi_kitbash/textures/T_Container_R.uasset" 326
"../../../../Desktop/mylevel1/Content/scifi_kitbash/materials/MI_Container_Dark.uasset" 327
"../../../../Desktop/mylevel1/Content/scifi_kitbash/textures/T_Floor01_AO.uasset" 328
"../../../../Desktop/mylevel1/Content/scifi_kitbash/textures/T_Floor01_Grey_BC.uasset" 329
"../../../../Desktop/mylevel1/Content/scifi_kitbash/textures/T_Floor01_Grey_A.uasset" 330
"../../../../Desktop/mylevel1/Content/scifi_kitbash/textures/T_Floor01_N.uasset" 331
"../../../../Desktop/mylevel1/Content/scifi_kitbash/textures/T_Floor01_R.uasset" 332
"../../../../Desktop/mylevel1/Content/scifi_kitbash/materials/MI_Floor01_Grey.uasset" 333
"../../../../Desktop/mylevel1/Content/scifi_kitbash/textures/T_Floor02_AO.uasset" 334
"../../../../Desktop/mylevel1/Content/scifi_kitbash/textures/T_Floor02_Grey_A.uasset" 335
"../../../../Desktop/mylevel1/Content/scifi_kitbash/textures/T_Floor02_N.uasset" 336
"../../../../Desktop/mylevel1/Content/scifi_kitbash/textures/T_Floor02_R.uasset" 337
"../../../../Desktop/mylevel1/Content/scifi_kitbash/materials/MI_Floor02_Grey.uasset" 338
"../../../../Desktop/mylevel1/Content/scifi_kitbash/textures/T_Gate02_AO.uasset" 339
"../../../../Desktop/mylevel1/Content/scifi_kitbash/textures/T_Gate02_BC.uasset" 340
"../../../../Desktop/mylevel1/Content/scifi_kitbash/textures/T_Gate02_N.uasset" 341
"../../../../Desktop/mylevel1/Content/scifi_kitbash/textures/T_Gate02_R.uasset" 342
"../../../../Desktop/mylevel1/Content/scifi_kitbash/materials/MI_Gate02.uasset" 343
"../../../Engine/Content/Functions/Engine_MaterialFunctions01/ImageAdjustment/BlurSampleOffsets.uasset" 344
"../../../Engine/Content/Functions/Engine_MaterialFunctions02/HueShift.uasset" 345
"../../../Engine/Content/Functions/Engine_MaterialFunctions02/Texturing/ScreenAlignedPixelToPixelUVs.uasset" 346
"../../../Engine/Content/EngineMaterials/Good64x64TilingNoiseHighFreq.uasset" 347
"../../../Engine/Content/Functions/Engine_MaterialFunctions02/Utility/DitherTemporalAA.uasset" 348
"../../../../Desktop/mylevel1/Content/IndustryPropsPack6/Textures/BaseTextures/B_N.uasset" 349
"../../../../Desktop/mylevel1/Content/IndustryPropsPack6/Textures/BaseTextures/BB_D.uasset" 350
"../../../../Desktop/mylevel1/Content/IndustryPropsPack6/Textures/BaseTextures/BG_D.uasset" 351
"../../../../Desktop/mylevel1/Content/IndustryPropsPack6/Textures/BaseTextures/T_MASK1.uasset" 352
"../../../../Desktop/mylevel1/Content/IndustryPropsPack6/Textures/BaseTextures/T_MASK2.uasset" 353
"../../../../Desktop/mylevel1/Content/IndustryPropsPack6/Materials/BaseMaterial/M_base.uasset" 354
"../../../../Desktop/mylevel1/Content/IndustryPropsPack6/Textures/T_Box01_D.uasset" 355
"../../../../Desktop/mylevel1/Content/IndustryPropsPack6/Textures/T_Box01_N.uasset" 356
"../../../../Desktop/mylevel1/Content/IndustryPropsPack6/Textures/T_Box01_SRM.uasset" 357
"../../../../Desktop/mylevel1/Content/IndustryPropsPack6/Materials/MI_Box01_2.uasset" 358
"../../../../Desktop/mylevel1/Content/IndustryPropsPack6/Meshes/SM_Box02.uasset" 359
"../../../../Desktop/mylevel1/Content/IndustryPropsPack6/Textures/T_Rack_D.uasset" 360
"../../../../Desktop/mylevel1/Content/IndustryPropsPack6/Textures/T_Rack_N.uasset" 361
"../../../../Desktop/mylevel1/Content/IndustryPropsPack6/Textures/T_Rack_SRM.uasset" 362
"../../../../Desktop/mylevel1/Content/IndustryPropsPack6/Materials/MI_Rack01_1.uasset" 363
"../../../../Desktop/mylevel1/Content/IndustryPropsPack6/Meshes/SM_Rack01.uasset" 364
"../../../../Desktop/mylevel1/Content/IndustryPropsPack6/Textures/T_WaterTank01_D.uasset" 365
"../../../../Desktop/mylevel1/Content/IndustryPropsPack6/Textures/T_WaterTank01_N.uasset" 366
"../../../../Desktop/mylevel1/Content/IndustryPropsPack6/Textures/T_WaterTank01_SRM.uasset" 367
"../../../../Desktop/mylevel1/Content/IndustryPropsPack6/Materials/MI_WaterTank01.uasset" 368
"../../../../Desktop/mylevel1/Content/IndustryPropsPack6/Meshes/SM_WaterTank01.uasset" 369
"../../../Engine/Content/EngineResources/Black.uasset" 370
"../../../../Desktop/mylevel1/Content/InfinityBladeEffects/Effects/Masters/M_Add_Sprite_Master_DepthFade.uasset" 371
"../../../../Desktop/mylevel1/Content/InfinityBladeEffects/Effects/FX_Textures/Gradient/T_starFlare_01.uasset" 372
"../../../../Desktop/mylevel1/Content/InfinityBladeEffects/Effects/FX_Materials/Gradient/M_Flare_01_INST.uasset" 373
"../../../../Desktop/mylevel1/Content/InfinityBladeEffects/Effects/FX_Ambient/Env/P_Blinking_Light_01.uasset" 374
"../../../../Desktop/mylevel1/Content/InfinityBladeEffects/Effects/Masters/M_Add_Sprite_SubUV_Master.uasset" 375
"../../../../Desktop/mylevel1/Content/InfinityBladeEffects/Effects/FX_Textures/Fire/T_Fire_subUV_6X6.uasset" 376
"../../../../Desktop/mylevel1/Content/InfinityBladeEffects/Effects/FX_Materials/Fire/M_Fire_01_Add_6X6_INST.uasset" 377
"../../../../Desktop/mylevel1/Content/InfinityBladeEffects/Effects/Masters/M_Add_Sprite_Master.uasset" 378
"../../../../Desktop/mylevel1/Content/InfinityBladeEffects/Effects/FX_Textures/Gradient/T_starFlare_03.uasset" 379
"../../../../Desktop/mylevel1/Content/InfinityBladeEffects/Effects/FX_Materials/Gradient/M_Flare_04_INST.uasset" 380
"../../../../Desktop/mylevel1/Content/InfinityBladeEffects/Effects/Masters/M_Trans_Sprite_SubUV_Master_DepthFade.uasset" 381
"../../../../Desktop/mylevel1/Content/InfinityBladeEffects/Effects/FX_Textures/Smoke/T_Smoke_subUV_01.uasset" 382
"../../../../Desktop/mylevel1/Content/InfinityBladeEffects/Effects/FX_Materials/Smoke/M_Smoke_02_Trans_6X6_INST.uasset" 383
"../../../../Desktop/mylevel1/Content/InfinityBladeEffects/Effects/FX_Textures/Spark/T_Sparks_04_SubUV_1_4.uasset" 384
"../../../../Desktop/mylevel1/Content/InfinityBladeEffects/Effects/FX_Materials/Spark/M_Spark_04_SubUV_1_4_INST.uasset" 385
"../../../../Desktop/mylevel1/Content/InfinityBladeEffects/Effects/FX_Ambient/Fire/P_Fire_largeArea_Trans_mobile.uasset" 386
"../../../../Desktop/mylevel1/Content/InfinityBladeEffects/Effects/FX_Textures/Tile/T_Black_32.uasset" 387
"../../../../Desktop/mylevel1/Content/InfinityBladeEffects/Effects/Masters/M_Trans_Sprite_Master_DepthFade.uasset" 388
"../../../../Desktop/mylevel1/Content/InfinityBladeEffects/Effects/FX_Textures/Liquid/T_bloodTest_4X6.uasset" 389
"../../../../Desktop/mylevel1/Content/InfinityBladeEffects/Effects/FX_Materials/Liquid/M_Liquid_Spray_01_4X6_INST.uasset" 390
"../../../../Desktop/mylevel1/Content/InfinityBladeEffects/Effects/FX_Meshes/Fire/SM_LavaSplash_Circlular.uasset" 391
"../../../../Desktop/mylevel1/Content/InfinityBladeEffects/Effects/FX_Ambient/Fire/P_Lava_Splash_Mesh.uasset" 392
"../../../../Desktop/mylevel1/Content/InfinityBladeEffects/Effects/FX_Ambient/Fire/P_LavaFall_LeadingEdge.uasset" 393
"../../../../Desktop/mylevel1/Content/InfinityBladeEffects/Effects/FX_Ambient/Fire/P_LavaFire.uasset" 394
"../../../../Desktop/mylevel1/Content/InfinityBladeEffects/Effects/FX_Ambient/Fire/P_LavaFire_PourBase.uasset" 395
"../../../../Desktop/mylevel1/Content/InfinityBladeEffects/Effects/FX_Ambient/Fog/P_ExitStair_Mist.uasset" 396
"../../../../Desktop/mylevel1/Content/InfinityBladeEffects/Effects/FX_Textures/Smoke/T_SmokeBall_01_8_8.uasset" 397
"../../../../Desktop/mylevel1/Content/InfinityBladeEffects/Effects/FX_Materials/Smoke/M_Smoke_01_8X8_INST.uasset" 398
"../../../../Desktop/mylevel1/Content/InfinityBladeEffects/Effects/FX_Ambient/Fog/P_MistRising_light.uasset" 399
"../../../../Desktop/mylevel1/Content/InfinityBladeEffects/Effects/FX_Ambient/Fog/P_SmokePuff.uasset" 400
"../../../../Desktop/mylevel1/Content/InfinityBladeEffects/Effects/FX_Textures/Spark/T_Spark_2_2_01.uasset" 401
"../../../../Desktop/mylevel1/Content/InfinityBladeEffects/Effects/FX_Materials/Spark/M_Spark_01_SubUV_2_2_INST.uasset" 402
"../../../../Desktop/mylevel1/Content/InfinityBladeEffects/Effects/FX_Forging/P_Buff_Loop.uasset" 403
"../../../../Desktop/mylevel1/Content/InfinityBladeEffects/Effects/FX_Textures/Gradient/T_SoftFallOff.uasset" 404
"../../../../Desktop/mylevel1/Content/InfinityBladeEffects/Effects/FX_Materials/Gradient/M_Flare_03_INST.uasset" 405
"../../../../Desktop/mylevel1/Content/InfinityBladeEffects/Effects/FX_Textures/Spark/T_Spark_2_2_02.uasset" 406
"../../../../Desktop/mylevel1/Content/InfinityBladeEffects/Effects/FX_Materials/Spark/M_Spark_02_SubUV_2_2_INST.uasset" 407
"../../../../Desktop/mylevel1/Content/InfinityBladeEffects/Effects/FX_Forging/P_ForgeDip_Firey.uasset" 408
"../../../../Desktop/mylevel1/Content/ModSci_Engineer/Materials/MI_Trim_A_DarkGray.uasset" 409
"../../../../Desktop/mylevel1/Content/ModSci_Engineer/Textures/T_Trims_A_Dirt.uasset" 410
"../../../../Desktop/mylevel1/Content/ModSci_Engineer/Materials/MI_Trim_Gray_Drt.uasset" 411
"../../../../Desktop/mylevel1/Content/ModSci_Engineer/Textures/Wires/T_Wire_Diff.uasset" 412
"../../../../Desktop/mylevel1/Content/ModSci_Engineer/Textures/Wires/T_Wire_Rough.uasset" 413
"../../../../Desktop/mylevel1/Content/ModSci_Engineer/Materials/M_Base_RegUV1.uasset" 414
"../../../../Desktop/mylevel1/Content/ModSci_Engineer/Textures/Wires/T_Wire_Norm.uasset" 415
"../../../../Desktop/mylevel1/Content/ModSci_Engineer/Materials/Wire/MI_Wire_A.uasset" 416
"../../../../Desktop/mylevel1/Content/ModSci_Engineer/Meshes/SM_ElectricBox_A.uasset" 417
"../../../../Desktop/mylevel1/Content/ModSci_Engineer/Materials/Wire/MI_Wire_A2.uasset" 418
"../../../../Desktop/mylevel1/Content/ModSci_Engineer/Meshes/SM_ElectricBox_B.uasset" 419
"../../../../Desktop/mylevel1/Content/ModSci_Engineer/Textures/Base/StainedSteel/T_StainSteeled_Diff.uasset" 420
"../../../../Desktop/mylevel1/Content/ModSci_Engineer/Textures/Base/StainedSteel/T_StainSteeled_Rough.uasset" 421
"../../../../Desktop/mylevel1/Content/ModSci_Engineer/Materials/MI_Trim_A_Red.uasset" 422
"../../../../Desktop/mylevel1/Content/ModSci_Engineer/Meshes/SM_GlassFloor_A.uasset" 423
"../../../../Desktop/mylevel1/Content/ModSci_Engineer/Meshes/SM_GlassFloor_Door.uasset" 424
"../../../../Desktop/mylevel1/Content/ModSci_Engineer/Meshes/SM_Intersection_Floor_B.uasset" 425
"../../../../Desktop/mylevel1/Content/ModSci_Engineer/Textures/Lights/T_Lights_Diff.uasset" 426
"../../../../Desktop/mylevel1/Content/ModSci_Engineer/Materials/Lights/M_Base_LightTrim.uasset" 427
"../../../../Desktop/mylevel1/Content/ModSci_Engineer/Materials/Lights/MI_Light_Red2.uasset" 428
"../../../../Desktop/mylevel1/Content/ModSci_EngiProps/Textures/AlarmLight/T_AlarmLight_Diff.uasset" 429
"../../../../Desktop/mylevel1/Content/ModSci_EngiProps/Textures/AlarmLight/T_AlarmLight_EM.uasset" 430
"../../../../Desktop/mylevel1/Content/ModSci_EngiProps/Textures/AlarmLight/T_AlarmLight_M.uasset" 431
"../../../../Desktop/mylevel1/Content/ModSci_EngiProps/Textures/AlarmLight/T_AlarmLight_normals.uasset" 432
"../../../../Desktop/mylevel1/Content/ModSci_EngiProps/Textures/AlarmLight/T_AlarmLight_Rough.uasset" 433
"../../../../Desktop/mylevel1/Content/ModSci_EngiProps/Materials/AlarmLight/MI_AlarmLight.uasset" 434
"../../../../Desktop/mylevel1/Content/ModSci_EngiProps/Materials/AlarmLight/M_AlarmLight_Glass.uasset" 435
"../../../../Desktop/mylevel1/Content/ModSci_EngiProps/Materials/AlarmLight/MI_AlarmLight_Glass_Inst.uasset" 436
"../../../../Desktop/mylevel1/Content/ModSci_EngiProps/Meshes/SM_AlarmLight.uasset" 437
"../../../../Desktop/mylevel1/Content/ModSci_EngiProps/Textures/Case_A/T_Case_A_Diff.uasset" 438
"../../../../Desktop/mylevel1/Content/ModSci_EngiProps/Textures/Case_A/T_Case_A_M.uasset" 439
"../../../../Desktop/mylevel1/Content/ModSci_EngiProps/Textures/Case_A/T_Case_A_normals.uasset" 440
"../../../../Desktop/mylevel1/Content/ModSci_EngiProps/Textures/Case_A/T_Case_A_Rough.uasset" 441
"../../../../Desktop/mylevel1/Content/ModSci_EngiProps/Materials/Case_A/MI_Case_A.uasset" 442
"../../../../Desktop/mylevel1/Content/ModSci_EngiProps/Meshes/SM_Case_A.uasset" 443
"../../../../Desktop/mylevel1/Content/ModSci_EngiProps/Textures/EmergencyButton/T_EmergencyButton_Diff.uasset" 444
"../../../../Desktop/mylevel1/Content/ModSci_EngiProps/Textures/EmergencyButton/T_EmergencyButton_M.uasset" 445
"../../../../Desktop/mylevel1/Content/ModSci_EngiProps/Textures/EmergencyButton/T_EmergencyButton_normals.uasset" 446
"../../../../Desktop/mylevel1/Content/ModSci_EngiProps/Textures/EmergencyButton/T_EmergencyButton_Rough.uasset" 447
"../../../../Desktop/mylevel1/Content/ModSci_EngiProps/Materials/EmergencyButton/MI_EmergencyButton.uasset" 448
"../../../../Desktop/mylevel1/Content/ModSci_EngiProps/Meshes/SM_EmergencyButton.uasset" 449
"../../../../Desktop/mylevel1/Content/ModSci_EngiProps/Textures/FireAlarmBell/T_FireAlarmBell_Diff.uasset" 450
"../../../../Desktop/mylevel1/Content/ModSci_EngiProps/Textures/FireAlarmBell/T_FireAlarmBell_M.uasset" 451
"../../../../Desktop/mylevel1/Content/ModSci_EngiProps/Textures/FireAlarmBell/T_FireAlarmBell_normals.uasset" 452
"../../../../Desktop/mylevel1/Content/ModSci_EngiProps/Textures/FireAlarmBell/T_FireAlarmBell_Rough.uasset" 453
"../../../../Desktop/mylevel1/Content/ModSci_EngiProps/Materials/FireAlarmBell/MI_FireAlarmBell.uasset" 454
"../../../../Desktop/mylevel1/Content/ModSci_EngiProps/Meshes/SM_FireAlarmBell.uasset" 455
"../../../../Desktop/mylevel1/Content/ModSci_Engineer/Textures/ElectricDistribBox/T_DistrBox_Diff.uasset" 456
"../../../../Desktop/mylevel1/Content/ModSci_Engineer/Textures/ElectricDistribBox/T_DistrBox_Norm.uasset" 457
"../../../../Desktop/mylevel1/Content/ModSci_Engineer/Textures/ElectricDistribBox/T_DistrBox_Rough.uasset" 458
"../../../../Desktop/mylevel1/Content/ModSci_Engineer/Textures/ElectricDistribBox/T_SolidMask.uasset" 459
"../../../../Desktop/mylevel1/Content/ModSci_Engineer/Textures/StorageAreaNetwork/T_SAN_EM.uasset" 460
"../../../../Desktop/mylevel1/Content/ModSci_Engineer/Materials/Props/M_Base_Props.uasset" 461
"../../../../Desktop/mylevel1/Content/ModSci_Engineer/Textures/NitrogenTank/T_Nitrogen_M.uasset" 462
"../../../../Desktop/mylevel1/Content/ModSci_Engineer/Textures/NitrogenTank/T_NitrogenTank_Diff.uasset" 463
"../../../../Desktop/mylevel1/Content/ModSci_Engineer/Textures/NitrogenTank/T_NitrogenTank_normals.uasset" 464
"../../../../Desktop/mylevel1/Content/ModSci_Engineer/Textures/NitrogenTank/T_NitrogenTank_Rough.uasset" 465
"../../../../Desktop/mylevel1/Content/ModSci_Engineer/Materials/Props/MI_NitrogenTank.uasset" 466
"../../../../Desktop/mylevel1/Content/ModSci_EngiProps/Textures/NitrogenTanks/T_CoveredNitrTanks_Diff.uasset" 467
"../../../../Desktop/mylevel1/Content/ModSci_EngiProps/Textures/NitrogenTanks/T_CoveredNitrTanks_normals.uasset" 468
"../../../../Desktop/mylevel1/Content/ModSci_EngiProps/Textures/NitrogenTanks/T_CoveredNitrTanks_Rough.uasset" 469
"../../../../Desktop/mylevel1/Content/ModSci_EngiProps/Materials/NitrogenTanks/MI_NitrogenTank_Covered.uasset" 470
"../../../../Desktop/mylevel1/Content/ModSci_EngiProps/Meshes/SM_NitrogenTank_Covered.uasset" 471
"../../../../Desktop/mylevel1/Content/ModSci_EngiProps/Textures/OxygenTank/T_OxygenTank_Diff.uasset" 472
"../../../../Desktop/mylevel1/Content/ModSci_EngiProps/Textures/OxygenTank/T_OxygenTank_M.uasset" 473
"../../../../Desktop/mylevel1/Content/ModSci_EngiProps/Textures/OxygenTank/T_OxygenTank_normals.uasset" 474
"../../../../Desktop/mylevel1/Content/ModSci_EngiProps/Textures/OxygenTank/T_OxygenTank_Rough.uasset" 475
"../../../../Desktop/mylevel1/Content/ModSci_EngiProps/Materials/OxygenTank/MI_OxygenTank.uasset" 476
"../../../../Desktop/mylevel1/Content/ModSci_EngiProps/Meshes/SM_OxygenTank.uasset" 477
"../../../../Desktop/mylevel1/Content/ModSci_EngiProps/Meshes/SM_OxygenTank_B.uasset" 478
"../../../../Desktop/mylevel1/Content/ModSci_EngiProps/Textures/PortableLight/T_PortableLight_diff.uasset" 479
"../../../../Desktop/mylevel1/Content/ModSci_EngiProps/Textures/PortableLight/T_PortableLight_EM.uasset" 480
"../../../../Desktop/mylevel1/Content/ModSci_EngiProps/Textures/PortableLight/T_PortableLight_M.uasset" 481
"../../../../Desktop/mylevel1/Content/ModSci_EngiProps/Textures/PortableLight/T_PortableLight_normals.uasset" 482
"../../../../Desktop/mylevel1/Content/ModSci_EngiProps/Textures/PortableLight/T_PortableLight_Rough.uasset" 483
"../../../../Desktop/mylevel1/Content/ModSci_EngiProps/Materials/PortableLight/MI_PortableLight.uasset" 484
"../../../../Desktop/mylevel1/Content/ModSci_EngiProps/Meshes/SM_PortableLight.uasset" 485
"../../../../Desktop/mylevel1/Content/ModSci_EngiProps/Textures/SafetySwitch/T_SafetySwitch_Diff.uasset" 486
"../../../../Desktop/mylevel1/Content/ModSci_EngiProps/Textures/SafetySwitch/T_SafetySwitch_M.uasset" 487
"../../../../Desktop/mylevel1/Content/ModSci_EngiProps/Textures/SafetySwitch/T_SafetySwitch_normals.uasset" 488
"../../../../Desktop/mylevel1/Content/ModSci_EngiProps/Textures/SafetySwitch/T_SafetySwitch_Rough.uasset" 489
"../../../../Desktop/mylevel1/Content/ModSci_EngiProps/Materials/SafetySwitch/MI_SafetySwitch.uasset" 490
"../../../../Desktop/mylevel1/Content/ModSci_EngiProps/Meshes/SM_SafetySwitch.uasset" 491
"../../../../Desktop/mylevel1/Content/ModSci_EngiProps/Textures/Toolbox/T_Toolbox_Diff_b.uasset" 492
"../../../../Desktop/mylevel1/Content/ModSci_EngiProps/Textures/Toolbox/T_Toolbox_M.uasset" 493
"../../../../Desktop/mylevel1/Content/ModSci_EngiProps/Textures/Toolbox/T_Toolbox_normals.uasset" 494
"../../../../Desktop/mylevel1/Content/ModSci_EngiProps/Textures/Toolbox/T_Toolbox_Rough.uasset" 495
"../../../../Desktop/mylevel1/Content/ModSci_EngiProps/Materials/Toolbox/MI_Toolbox.uasset" 496
"../../../../Desktop/mylevel1/Content/ModSci_EngiProps/Meshes/SM_Toolbox.uasset" 497
"../../../../Desktop/mylevel1/Content/ModSci_EngiProps/Textures/WaterDrum/T_WaterDrum_Diff.uasset" 498
"../../../../Desktop/mylevel1/Content/ModSci_EngiProps/Textures/WaterDrum/T_WaterDrum_M.uasset" 499
"../../../../Desktop/mylevel1/Content/ModSci_EngiProps/Textures/WaterDrum/T_WaterDrum_normals.uasset" 500
"../../../../Desktop/mylevel1/Content/ModSci_EngiProps/Textures/WaterDrum/T_WaterDrum_Rough.uasset" 501
"../../../../Desktop/mylevel1/Content/ModSci_EngiProps/Materials/WaterDrum/MI_WaterDrum.uasset" 502
"../../../../Desktop/mylevel1/Content/ModSci_EngiProps/Meshes/SM_WaterDrum.uasset" 503
"../../../../Desktop/mylevel1/Content/ModSci_EngiProps/Textures/WireReel/T_WireReel_Diff.uasset" 504
"../../../../Desktop/mylevel1/Content/ModSci_EngiProps/Textures/WireReel/T_WireReel_M.uasset" 505
"../../../../Desktop/mylevel1/Content/ModSci_EngiProps/Textures/WireReel/T_WireReel_normals.uasset" 506
"../../../../Desktop/mylevel1/Content/ModSci_EngiProps/Textures/WireReel/T_WireReel_Rough.uasset" 507
"../../../../Desktop/mylevel1/Content/ModSci_EngiProps/Materials/WireReel/MI_WireReel.uasset" 508
"../../../../Desktop/mylevel1/Content/ModSci_EngiProps/Meshes/SM_WireReel_A.uasset" 509
"../../../../Desktop/mylevel1/Content/scifi_kitbash/textures/T_Barrel01_AO.uasset" 510
"../../../../Desktop/mylevel1/Content/scifi_kitbash/textures/T_Barrel01_BC.uasset" 511
"../../../../Desktop/mylevel1/Content/scifi_kitbash/textures/T_Barrel01_N.uasset" 512
"../../../../Desktop/mylevel1/Content/scifi_kitbash/textures/T_Barrel01_R.uasset" 513
"../../../../Desktop/mylevel1/Content/scifi_kitbash/materials/MI_Barrel01.uasset" 514
"../../../../Desktop/mylevel1/Content/scifi_kitbash/meshes/SM_Barrel.uasset" 515
"../../../../Desktop/mylevel1/Content/scifi_kitbash/textures/T_Rails_AO.uasset" 516
"../../../../Desktop/mylevel1/Content/scifi_kitbash/textures/T_Rails_BC.uasset" 517
"../../../../Desktop/mylevel1/Content/scifi_kitbash/textures/T_Rails_N.uasset" 518
"../../../../Desktop/mylevel1/Content/scifi_kitbash/textures/T_Rails_R.uasset" 519
"../../../../Desktop/mylevel1/Content/scifi_kitbash/materials/MI_Rails.uasset" 520
"../../../../Desktop/mylevel1/Content/scifi_kitbash/meshes/SM_Cable06.uasset" 521
"../../../../Desktop/mylevel1/Content/scifi_kitbash/meshes/SM_Ceiling02.uasset" 522
"../../../../Desktop/mylevel1/Content/scifi_kitbash/meshes/SM_Ceiling03.uasset" 523
"../../../../Desktop/mylevel1/Content/scifi_kitbash/textures/T_Container_BC.uasset" 524
"../../../../Desktop/mylevel1/Content/scifi_kitbash/materials/MI_Container.uasset" 525
"../../../../Desktop/mylevel1/Content/scifi_kitbash/meshes/SM_Container.uasset" 526
"../../../../Desktop/mylevel1/Content/scifi_kitbash/meshes/SM_ContainerHalf.uasset" 527
"../../../../Desktop/mylevel1/Content/scifi_kitbash/meshes/SM_ContainerQuarter.uasset" 528
"../../../../Desktop/mylevel1/Content/scifi_kitbash/textures/T_Crate_AO.uasset" 529
"../../../../Desktop/mylevel1/Content/scifi_kitbash/textures/T_Crate_BC.uasset" 530
"../../../../Desktop/mylevel1/Content/scifi_kitbash/textures/T_Crate_N.uasset" 531
"../../../../Desktop/mylevel1/Content/scifi_kitbash/textures/T_Crate_R.uasset" 532
"../../../../Desktop/mylevel1/Content/scifi_kitbash/materials/MI_Crate.uasset" 533
"../../../../Desktop/mylevel1/Content/scifi_kitbash/meshes/SM_Crate01.uasset" 534
"../../../../Desktop/mylevel1/Content/scifi_kitbash/meshes/SM_Crate02.uasset" 535
"../../../../Desktop/mylevel1/Content/scifi_kitbash/meshes/SM_Crate03.uasset" 536
"../../../../Desktop/mylevel1/Content/scifi_kitbash/textures/T_Door01_AO.uasset" 537
"../../../../Desktop/mylevel1/Content/scifi_kitbash/textures/SM_Door01_AO.uasset" 538
"../../../../Desktop/mylevel1/Content/scifi_kitbash/textures/T_Door01_BC.uasset" 539
"../../../../Desktop/mylevel1/Content/scifi_kitbash/textures/SM_Door01_BC.uasset" 540
"../../../../Desktop/mylevel1/Content/scifi_kitbash/textures/T_Door01_N.uasset" 541
"../../../../Desktop/mylevel1/Content/scifi_kitbash/textures/SM_Door01_N.uasset" 542
"../../../../Desktop/mylevel1/Content/scifi_kitbash/textures/T_Door01_R.uasset" 543
"../../../../Desktop/mylevel1/Content/scifi_kitbash/textures/SM_Door01_R.uasset" 544
"../../../../Desktop/mylevel1/Content/scifi_kitbash/materials/MI_Door01.uasset" 545
"../../../../Desktop/mylevel1/Content/scifi_kitbash/meshes/SM_Door01_Frame.uasset" 546
"../../../../Desktop/mylevel1/Content/scifi_kitbash/textures/T_FabricPipe_AO.uasset" 547
"../../../../Desktop/mylevel1/Content/scifi_kitbash/textures/T_FabricPipe_BC.uasset" 548
"../../../../Desktop/mylevel1/Content/scifi_kitbash/textures/T_FabricPipe_N.uasset" 549
"../../../../Desktop/mylevel1/Content/scifi_kitbash/textures/T_FabricPipe_R.uasset" 550
"../../../../Desktop/mylevel1/Content/scifi_kitbash/materials/MI_FabricPipe.uasset" 551
"../../../../Desktop/mylevel1/Content/scifi_kitbash/meshes/SM_FabricPipe01.uasset" 552
"../../../../Desktop/mylevel1/Content/scifi_kitbash/meshes/SM_FabricPipe02.uasset" 553
"../../../../Desktop/mylevel1/Content/scifi_kitbash/meshes/SM_FabricPipe03.uasset" 554
"../../../../Desktop/mylevel1/Content/scifi_kitbash/meshes/SM_FabricPipe04.uasset" 555
"../../../../Desktop/mylevel1/Content/scifi_kitbash/textures/T_Floor01_BC.uasset" 556
"../../../../Desktop/mylevel1/Content/scifi_kitbash/materials/MI_Floor01.uasset" 557
"../../../../Desktop/mylevel1/Content/scifi_kitbash/meshes/SM_Floor01.uasset" 558
"../../../../Desktop/mylevel1/Content/scifi_kitbash/textures/T_Gate01_AO.uasset" 559
"../../../../Desktop/mylevel1/Content/scifi_kitbash/textures/T_Gate01_BC.uasset" 560
"../../../../Desktop/mylevel1/Content/scifi_kitbash/textures/T_Gate01_MT.uasset" 561
"../../../../Desktop/mylevel1/Content/scifi_kitbash/textures/T_Gate01_N.uasset" 562
"../../../../Desktop/mylevel1/Content/scifi_kitbash/textures/T_Gate01_R.uasset" 563
"../../../../Desktop/mylevel1/Content/scifi_kitbash/materials/MI_Gate01.uasset" 564
"../../../../Desktop/mylevel1/Content/scifi_kitbash/meshes/SM_Gate.uasset" 565
"../../../../Desktop/mylevel1/Content/scifi_kitbash/textures/T_HangarCeiling_AO.uasset" 566
"../../../../Desktop/mylevel1/Content/scifi_kitbash/textures/T_HangarCeiling_BC.uasset" 567
"../../../../Desktop/mylevel1/Content/scifi_kitbash/textures/T_HangarCeiling_N.uasset" 568
"../../../../Desktop/mylevel1/Content/scifi_kitbash/textures/T_HangarCeiling_R.uasset" 569
"../../../../Desktop/mylevel1/Content/scifi_kitbash/materials/MI_Hangarceiling.uasset" 570
"../../../../Desktop/mylevel1/Content/scifi_kitbash/meshes/SM_HangarCeiling_Double.uasset" 571
"../../../../Desktop/mylevel1/Content/scifi_kitbash/textures/T_Hangarwall01_BC.uasset" 572
"../../../../Desktop/mylevel1/Content/scifi_kitbash/textures/T_Hangarwall01_A.uasset" 573
"../../../../Desktop/mylevel1/Content/scifi_kitbash/textures/T_Hangarwall01_AO.uasset" 574
"../../../../Desktop/mylevel1/Content/scifi_kitbash/textures/T_Hangarwall01_N.uasset" 575
"../../../../Desktop/mylevel1/Content/scifi_kitbash/textures/T_Hangarwall01_R.uasset" 576
"../../../../Desktop/mylevel1/Content/scifi_kitbash/materials/MI_Hangarwall01.uasset" 577
"../../../../Desktop/mylevel1/Content/scifi_kitbash/meshes/SM_HangarWall01.uasset" 578
"../../../../Desktop/mylevel1/Content/scifi_kitbash/textures/T_Heavypillar_AO.uasset" 579
"../../../../Desktop/mylevel1/Content/scifi_kitbash/textures/T_Heavypillar_BC.uasset" 580
"../../../../Desktop/mylevel1/Content/scifi_kitbash/textures/T_Heavypillar_N.uasset" 581
"../../../../Desktop/mylevel1/Content/scifi_kitbash/textures/T_Heavypillar_R.uasset" 582
"../../../../Desktop/mylevel1/Content/scifi_kitbash/materials/MI_Heavypillar.uasset" 583
"../../../../Desktop/mylevel1/Content/scifi_kitbash/meshes/SM_HeavyPillar03.uasset" 584
"../../../../Desktop/mylevel1/Content/scifi_kitbash/meshes/SM_HeavyPillar_Top.uasset" 585
"../../../../Desktop/mylevel1/Content/scifi_kitbash/textures/T_Pillar01_AO.uasset" 586
"../../../../Desktop/mylevel1/Content/scifi_kitbash/textures/T_Pillar01_BC.uasset" 587
"../../../../Desktop/mylevel1/Content/scifi_kitbash/textures/T_Pillar01_N.uasset" 588
"../../../../Desktop/mylevel1/Content/scifi_kitbash/textures/T_Pillar01_R.uasset" 589
"../../../../Desktop/mylevel1/Content/scifi_kitbash/materials/MI_Pillar01.uasset" 590
"../../../../Desktop/mylevel1/Content/scifi_kitbash/meshes/SM_Pillar01.uasset" 591
"../../../../Desktop/mylevel1/Content/scifi_kitbash/textures/T_plane_N.uasset" 592
"../../../../Desktop/mylevel1/Content/scifi_kitbash/materials/M_PlaneGlass.uasset" 593
"../../../../Desktop/mylevel1/Content/scifi_kitbash/textures/T_plane_AO.uasset" 594
"../../../../Desktop/mylevel1/Content/scifi_kitbash/textures/T_plane_BC.uasset" 595
"../../../../Desktop/mylevel1/Content/scifi_kitbash/textures/T_plane_MT.uasset" 596
"../../../../Desktop/mylevel1/Content/scifi_kitbash/textures/T_plane_R.uasset" 597
"../../../../Desktop/mylevel1/Content/scifi_kitbash/materials/MI_Plane.uasset" 598
"../../../../Desktop/mylevel1/Content/scifi_kitbash/meshes/SM_Plane.uasset" 599
"../../../../Desktop/mylevel1/Content/scifi_kitbash/meshes/SM_RailRed6m.uasset" 600
"../../../../Desktop/mylevel1/Content/scifi_kitbash/textures/T_RoundWall01_AO.uasset" 601
"../../../../Desktop/mylevel1/Content/scifi_kitbash/textures/T_RoundWall01_BC.uasset" 602
"../../../../Desktop/mylevel1/Content/scifi_kitbash/textures/T_RoundWall01_M.uasset" 603
"../../../../Desktop/mylevel1/Content/scifi_kitbash/textures/T_RoundWall01_N.uasset" 604
"../../../../Desktop/mylevel1/Content/scifi_kitbash/textures/T_RoundWall01_R.uasset" 605
"../../../../Desktop/mylevel1/Content/scifi_kitbash/materials/MI_RoundWall01.uasset" 606
"../../../../Desktop/mylevel1/Content/scifi_kitbash/meshes/SM_RoundWall03.uasset" 607
"../../../../Desktop/mylevel1/Content/scifi_kitbash/textures/T_Stairs01_AO.uasset" 608
"../../../../Desktop/mylevel1/Content/scifi_kitbash/textures/T_Stairs01_BC.uasset" 609
"../../../../Desktop/mylevel1/Content/scifi_kitbash/textures/T_Stairs01_N.uasset" 610
"../../../../Desktop/mylevel1/Content/scifi_kitbash/textures/T_Stairs01_R.uasset" 611
"../../../../Desktop/mylevel1/Content/scifi_kitbash/materials/MI_Stairs.uasset" 612
"../../../../Desktop/mylevel1/Content/scifi_kitbash/meshes/SM_Stairs01.uasset" 613
"../../../../Desktop/mylevel1/Content/scifi_kitbash/textures/T_Wall02_AO.uasset" 614
"../../../../Desktop/mylevel1/Content/scifi_kitbash/textures/T_Wall02_BC.uasset" 615
"../../../../Desktop/mylevel1/Content/scifi_kitbash/textures/T_Wall02_N.uasset" 616
"../../../../Desktop/mylevel1/Content/scifi_kitbash/textures/T_Wall02_R.uasset" 617
"../../../../Desktop/mylevel1/Content/scifi_kitbash/materials/MI_Wall02.uasset" 618
"../../../../Desktop/mylevel1/Content/scifi_kitbash/meshes/SM_Wall02.uasset" 619
"../../../../Desktop/mylevel1/Content/scifi_kitbash/meshes/SM_Wall02_InnerCorner.uasset" 620
"../../../../Desktop/mylevel1/Content/scifi_kitbash/textures/T_Wall07_AO.uasset" 621
"../../../../Desktop/mylevel1/Content/scifi_kitbash/textures/T_Wall07_BC.uasset" 622
"../../../../Desktop/mylevel1/Content/scifi_kitbash/textures/T_Wall07_N.uasset" 623
"../../../../Desktop/mylevel1/Content/scifi_kitbash/textures/T_Wall07_R.uasset" 624
"../../../../Desktop/mylevel1/Content/scifi_kitbash/materials/MI_Wall07.uasset" 625
"../../../../Desktop/mylevel1/Content/scifi_kitbash/meshes/SM_Wall07.uasset" 626
"../../../../Desktop/mylevel1/Content/scifi_kitbash/meshes/SM_Wall07_Double.uasset" 627
"../../../../Desktop/mylevel1/Content/scifi_kitbash/meshes/SM_Wall07_InnerCorner.uasset" 628
"../../../../Desktop/mylevel1/Content/scifi_kitbash/meshes/SM_Wall07_OuterCorner.uasset" 629
"../../../../Desktop/mylevel1/Content/scifi_kitbash/textures/T_WallConcrete_AO.uasset" 630
"../../../../Desktop/mylevel1/Content/scifi_kitbash/textures/T_WallConcrete_BC.uasset" 631
"../../../../Desktop/mylevel1/Content/scifi_kitbash/textures/T_WallConcrete_N.uasset" 632
"../../../../Desktop/mylevel1/Content/scifi_kitbash/textures/T_WallConcrete_R.uasset" 633
"../../../../Desktop/mylevel1/Content/scifi_kitbash/materials/MI_WallConcrete.uasset" 634
"../../../../Desktop/mylevel1/Content/scifi_kitbash/meshes/SM_WallConcrete.uasset" 635
"../../../../Desktop/mylevel1/Content/scifi_kitbash/textures/T_Wallfabric01_AO.uasset" 636
"../../../../Desktop/mylevel1/Content/scifi_kitbash/textures/T_Wallfabric01_BC.uasset" 637
"../../../../Desktop/mylevel1/Content/scifi_kitbash/textures/T_Wallfabric01_N.uasset" 638
"../../../../Desktop/mylevel1/Content/scifi_kitbash/textures/T_Wallfabric01_R.uasset" 639
"../../../../Desktop/mylevel1/Content/scifi_kitbash/materials/MI_Wallfabric01.uasset" 640
"../../../../Desktop/mylevel1/Content/scifi_kitbash/meshes/SM_Wallfabric01.uasset" 641
"../../../../Desktop/mylevel1/Content/scifi_kitbash/turret_bottom_BC.uasset" 642
"../../../../Desktop/mylevel1/Content/scifi_kitbash/turret_bottom_NRML.uasset" 643
"../../../../Desktop/mylevel1/Content/scifi_kitbash/turret_bottom_RUFF.uasset" 644
"../../../../Desktop/mylevel1/Content/scifi_kitbash/turret_bottom.uasset" 645
"../../../../Desktop/mylevel1/Content/scifi_kitbash/Turret_Bottom_001_FBX.uasset" 646
"../../../../Desktop/mylevel1/Content/scifi_kitbash/turret_top_BC.uasset" 647
"../../../../Desktop/mylevel1/Content/scifi_kitbash/turret_top_NRML.uasset" 648
"../../../../Desktop/mylevel1/Content/scifi_kitbash/turret_top_RUFF.uasset" 649
"../../../../Desktop/mylevel1/Content/scifi_kitbash/turret_top.uasset" 650
"../../../../Desktop/mylevel1/Content/scifi_kitbash/Turret_Top_001_FBX.uasset" 651
"../../../../Desktop/mylevel1/Content/FirstPersonBP/Maps/FirstPersonExampleMap.umap" 652
"../../../Engine/Content/Maps/Entry_BuiltData.uasset" 653
"../../../Engine/Content/Maps/Entry.umap" 654
